SF:lib\core\base_response.dart
DA:11,6
DA:17,0
DA:19,0
LF:3
LH:1
end_of_record
SF:lib\core\base_response.g.dart
DA:9,0
DA:13,0
DA:14,0
DA:15,0
DA:16,0
DA:19,0
DA:23,0
DA:24,0
DA:25,0
DA:26,0
DA:29,0
DA:33,0
DA:35,0
DA:39,0
LF:14
LH:0
end_of_record
SF:lib\core\failure.dart
DA:7,9
LF:1
LH:1
end_of_record
SF:lib\core\network.dart
DA:14,0
DA:16,0
DA:17,0
LF:3
LH:0
end_of_record
SF:lib\core\safe_request_handler.dart
DA:13,1
DA:15,1
DA:18,2
DA:22,1
DA:24,0
DA:25,0
DA:28,2
LF:7
LH:5
end_of_record
SF:lib\settings\data\client-services\settings_client_services.g.dart
DA:12,0
DA:21,0
DA:28,0
DA:29,0
DA:30,0
DA:35,0
DA:36,0
DA:41,0
DA:42,0
DA:47,0
DA:48,0
DA:49,0
DA:50,0
DA:52,0
DA:53,0
DA:54,0
DA:56,0
DA:61,0
DA:67,0
DA:71,0
DA:73,0
DA:74,0
DA:79,0
DA:80,0
DA:85,0
DA:86,0
DA:87,0
DA:88,0
DA:90,0
DA:91,0
DA:92,0
DA:94,0
DA:95,0
DA:96,0
DA:97,0
DA:102,0
DA:103,0
DA:104,0
DA:105,0
DA:106,0
DA:107,0
DA:109,0
DA:115,0
DA:119,0
DA:123,0
DA:125,0
DA:126,0
DA:129,0
LF:48
LH:0
end_of_record
SF:lib\settings\data\data-sources\settings_remote_data_source_impl.dart
DA:20,1
DA:25,1
DA:27,2
DA:28,2
DA:31,1
DA:33,2
DA:34,2
LF:7
LH:7
end_of_record
SF:lib\settings\data\models\address_model.dart
DA:15,4
DA:20,4
DA:21,4
DA:23,0
LF:4
LH:3
end_of_record
SF:lib\settings\data\models\address_model.g.dart
DA:9,8
DA:10,4
DA:11,4
DA:14,0
DA:15,0
DA:16,0
DA:17,0
LF:7
LH:3
end_of_record
SF:lib\settings\data\models\user_model.dart
DA:29,8
DA:38,8
DA:39,8
DA:41,2
LF:4
LH:4
end_of_record
SF:lib\settings\data\models\user_model.g.dart
DA:9,16
DA:10,8
DA:11,8
DA:12,8
DA:14,0
DA:15,9
DA:16,16
DA:17,8
DA:18,1
DA:19,1
DA:20,8
DA:23,2
DA:24,1
DA:25,1
DA:26,1
DA:27,1
DA:28,1
DA:29,1
LF:18
LH:17
end_of_record
SF:lib\core\fold.dart
DA:6,8
DA:7,8
DA:8,4
DA:9,8
DA:11,8
DA:12,8
DA:18,7
DA:19,7
DA:20,7
DA:21,14
DA:22,14
DA:23,7
DA:26,3
LF:13
LH:13
end_of_record
SF:lib\core\print.dart
DA:8,8
DA:10,16
DA:11,0
DA:12,0
DA:14,0
DA:18,8
DA:19,16
DA:20,0
DA:22,8
DA:24,40
LF:10
LH:6
end_of_record
SF:lib\settings\data\data-sources\settings_local_data_source_impl.dart
DA:17,1
DA:22,1
DA:25,5
DA:28,0
DA:32,1
DA:35,3
DA:36,3
DA:38,0
LF:8
LH:6
end_of_record
SF:lib\settings\domain\entities\address_entity.dart
DA:7,0
LF:1
LH:0
end_of_record
SF:lib\settings\data\models\otp_model.dart
DA:15,0
DA:20,0
DA:21,0
DA:23,0
LF:4
LH:0
end_of_record
SF:lib\settings\data\models\otp_model.g.dart
DA:9,0
DA:10,0
DA:11,0
DA:14,0
DA:15,0
DA:16,0
LF:6
LH:0
end_of_record
SF:lib\settings\domain\entities\otp_entity.dart
DA:7,0
LF:1
LH:0
end_of_record
SF:lib\settings\domain\entities\user_entity.dart
DA:13,0
LF:1
LH:0
end_of_record
SF:lib\settings\data\repository\settings_repository_impl.dart
DA:25,1
DA:30,1
DA:32,2
DA:33,2
DA:34,1
DA:35,3
DA:40,1
DA:42,2
DA:45,1
DA:47,2
DA:50,1
DA:52,2
LF:12
LH:12
end_of_record
SF:lib\settings\domain\requests\get_addresses_request.dart
DA:17,2
DA:22,0
DA:23,0
LF:3
LH:1
end_of_record
SF:lib\settings\domain\requests\get_addresses_request.g.dart
DA:9,0
DA:10,0
DA:11,0
DA:12,0
DA:15,0
DA:17,0
DA:18,0
DA:19,0
LF:8
LH:0
end_of_record
SF:lib\settings\domain\requests\login_request.dart
DA:18,2
DA:24,0
DA:25,0
LF:3
LH:1
end_of_record
SF:lib\settings\domain\requests\login_request.g.dart
DA:9,0
DA:10,0
DA:11,0
DA:12,0
DA:15,0
DA:16,0
DA:17,0
DA:18,0
DA:19,0
LF:9
LH:0
end_of_record
SF:lib\settings\domain\use-cases\cache_login_use_case.dart
DA:15,1
DA:19,1
DA:24,2
LF:3
LH:3
end_of_record
SF:lib\settings\domain\use-cases\get_addresses_use_case.dart
DA:17,1
DA:21,1
DA:23,2
DA:24,2
LF:4
LH:4
end_of_record
SF:lib\settings\domain\use-cases\get_cache_login_use_case.dart
DA:19,1
DA:23,1
DA:25,2
LF:3
LH:3
end_of_record
SF:lib\settings\domain\use-cases\login_use_case.dart
DA:17,1
DA:21,1
DA:23,2
DA:24,3
LF:4
LH:4
end_of_record
SF:lib\core\states.dart
DA:11,0
DA:16,0
DA:19,0
DA:20,0
DA:27,2
DA:32,0
DA:33,0
DA:35,0
DA:36,0
DA:38,2
DA:39,6
DA:46,3
DA:51,0
DA:52,0
DA:54,0
DA:55,0
DA:57,3
DA:58,9
DA:65,0
DA:70,0
DA:71,0
DA:73,0
DA:74,0
DA:76,0
DA:77,0
DA:85,1
DA:91,0
DA:92,0
DA:94,0
DA:95,0
DA:97,1
DA:98,3
DA:106,3
DA:112,0
DA:113,0
DA:115,0
DA:118,2
DA:119,4
LF:38
LH:12
end_of_record
SF:lib\settings\presentation\logic\get_addresses_cubit.dart
DA:24,1
DA:26,2
DA:27,1
DA:28,2
DA:30,0
DA:31,0
DA:35,1
DA:36,1
DA:37,2
DA:38,2
DA:39,2
DA:40,1
DA:42,2
DA:43,2
DA:45,1
DA:48,2
DA:49,1
DA:50,1
LF:18
LH:16
end_of_record
SF:lib\settings\presentation\logic\get_cache_login_cubit.dart
DA:20,3
DA:21,1
DA:22,2
DA:23,2
DA:24,2
DA:25,1
DA:26,2
DA:28,2
DA:29,2
DA:31,1
LF:10
LH:10
end_of_record
SF:lib\settings\presentation\logic\login_cubit.dart
DA:25,1
DA:30,2
DA:35,1
DA:36,3
DA:37,2
DA:38,2
DA:39,2
DA:40,2
DA:41,3
DA:42,2
DA:43,2
DA:44,1
DA:46,2
DA:47,2
DA:49,1
DA:52,2
DA:53,1
DA:54,1
DA:55,2
DA:57,2
DA:58,1
DA:62,2
DA:63,1
DA:70,1
DA:71,1
DA:72,2
LF:26
LH:26
end_of_record
